# JRE version: Java(TM) SE Runtime Environment (11.0.1+13) (build 11.0.1+13-LTS)
# Java VM: Java HotSpot(TM) 64-Bit Server VM (11.0.1+13-LTS, mixed mode, tiered, compressed oops, g1 gc, bsd-amd64)
Heap:
 garbage-first heap   total 131072K, used 11668K [0x0000000780000000, 0x0000000800000000)
  region size 1024K, 3 young (3072K), 1 survivors (1024K)
 Metaspace       used 16859K, capacity 17338K, committed 17536K, reserved 1064960K
  class space    used 1696K, capacity 1892K, committed 1920K, reserved 1048576K
GC Heap History (8 events):
Event: 15.203 GC heap before
{Heap before GC invocations=0 (full 0):
 garbage-first heap   total 131072K, used 13312K [0x0000000780000000, 0x0000000800000000)
  region size 1024K, 14 young (14336K), 0 survivors (0K)
 Metaspace       used 15566K, capacity 15968K, committed 16256K, reserved 1062912K
  class space    used 1605K, capacity 1800K, committed 1920K, reserved 1048576K
}
Event: 15.211 GC heap after
{Heap after GC invocations=1 (full 0):
 garbage-first heap   total 131072K, used 3748K [0x0000000780000000, 0x0000000800000000)
  region size 1024K, 2 young (2048K), 2 survivors (2048K)
 Metaspace       used 15566K, capacity 15968K, committed 16256K, reserved 1062912K
  class space    used 1605K, capacity 1800K, committed 1920K, reserved 1048576K
}
Event: 24.188 GC heap before
{Heap before GC invocations=1 (full 0):
 garbage-first heap   total 131072K, used 7844K [0x0000000780000000, 0x0000000800000000)
  region size 1024K, 6 young (6144K), 2 survivors (2048K)
 Metaspace       used 16161K, capacity 16631K, committed 17024K, reserved 1064960K
  class space    used 1656K, capacity 1873K, committed 1920K, reserved 1048576K
}
Event: 24.193 GC heap after
{Heap after GC invocations=2 (full 0):
 garbage-first heap   total 131072K, used 4234K [0x0000000780000000, 0x0000000800000000)
  region size 1024K, 1 young (1024K), 1 survivors (1024K)
 Metaspace       used 16161K, capacity 16631K, committed 17024K, reserved 1064960K
  class space    used 1656K, capacity 1873K, committed 1920K, reserved 1048576K
}
Event: 248.779 GC heap before
{Heap before GC invocations=2 (full 0):
 garbage-first heap   total 131072K, used 23690K [0x0000000780000000, 0x0000000800000000)
  region size 1024K, 20 young (20480K), 1 survivors (1024K)
 Metaspace       used 16496K, capacity 17023K, committed 17280K, reserved 1064960K
  class space    used 1663K, capacity 1874K, committed 1920K, reserved 1048576K
}
Event: 248.780 GC heap after
{Heap after GC invocations=3 (full 0):
 garbage-first heap   total 131072K, used 4121K [0x0000000780000000, 0x0000000800000000)
  region size 1024K, 1 young (1024K), 1 survivors (1024K)
 Metaspace       used 16496K, capacity 17023K, committed 17280K, reserved 1064960K
  class space    used 1663K, capacity 1874K, committed 1920K, reserved 1048576K
}
Event: 15600.186 GC heap before
{Heap before GC invocations=3 (full 0):
 garbage-first heap   total 131072K, used 68633K [0x0000000780000000, 0x0000000800000000)
  region size 1024K, 58 young (59392K), 1 survivors (1024K)
 Metaspace       used 16858K, capacity 17338K, committed 17536K, reserved 1064960K
  class space    used 1696K, capacity 1892K, committed 1920K, reserved 1048576K
}
Event: 15600.232 GC heap after
{Heap after GC invocations=4 (full 0):
 garbage-first heap   total 131072K, used 10644K [0x0000000780000000, 0x0000000800000000)
  region size 1024K, 1 young (1024K), 1 survivors (1024K)
 Metaspace       used 16858K, capacity 17338K, committed 17536K, reserved 1064960K
  class space    used 1696K, capacity 1892K, committed 1920K, reserved 1048576K
}

